2021/01/07 12:32:30 ***********************************

2021/01/07 12:32:30 HTML-TO-XSLX converter v.7

2021/01/07 12:32:30 Invalid command line args
2021/01/07 12:33:15 ***********************************

2021/01/07 12:33:15 HTML-TO-XSLX converter v.7

2021/01/07 12:33:15 Elapsed time (Render Handlebars): 0.005984 s

2021/01/07 12:33:15 Memory usage after rendering Handlebars.js template
2021/01/07 12:33:15 	Alloc = 0 MiB
2021/01/07 12:33:15 	HeapAlloc = 0 MiB
2021/01/07 12:33:15 	Sys = 6 MiB
2021/01/07 12:33:15 	For info on each, see: https://golang.org/pkg/runtime/#MemStats
2021/01/07 12:33:15 Elapsed time (gokogiri html parsing): 0.000998 s

2021/01/07 12:33:15 Html parsing: done. Starting xpath tables search
2021/01/07 12:33:15 Warning! No data-name in for table found. Used DataSheet 0 as sheet name
2021/01/07 12:33:15 Total elapsed time (main cycle): 0.006981 s

2021/01/07 12:33:15 Total rows done: 3 

2021/01/07 12:33:15 Total elapsed time: 0.016955 s

2021/01/07 12:33:15 Memory usage after all work done
2021/01/07 12:33:15 	Alloc = 1 MiB
2021/01/07 12:33:15 	HeapAlloc = 1 MiB
2021/01/07 12:33:15 	Sys = 7 MiB
2021/01/07 12:33:15 	For info on each, see: https://golang.org/pkg/runtime/#MemStats
2021/01/07 12:33:40 ***********************************

2021/01/07 12:33:40 HTML-TO-XSLX converter v.7

2021/01/07 12:33:40 Elapsed time (Render Handlebars): 0.106633 s

2021/01/07 12:33:40 Memory usage after rendering Handlebars.js template
2021/01/07 12:33:40 	Alloc = 39 MiB
2021/01/07 12:33:40 	HeapAlloc = 39 MiB
2021/01/07 12:33:40 	Sys = 56 MiB
2021/01/07 12:33:40 	For info on each, see: https://golang.org/pkg/runtime/#MemStats
2021/01/07 12:33:40 Elapsed time (gokogiri html parsing): 0.000000 s

2021/01/07 12:33:40 Html parsing: done. Starting xpath tables search
2021/01/07 12:33:40 Warning! No data-name in for table found. Used DataSheet 0 as sheet name
2021/01/07 12:33:40 Total elapsed time (main cycle): 0.003989 s

2021/01/07 12:33:40 Total rows done: 3 

2021/01/07 12:33:40 Total elapsed time: 0.113615 s

2021/01/07 12:33:40 Memory usage after all work done
2021/01/07 12:33:40 	Alloc = 1 MiB
2021/01/07 12:33:40 	HeapAlloc = 1 MiB
2021/01/07 12:33:40 	Sys = 56 MiB
2021/01/07 12:33:40 	For info on each, see: https://golang.org/pkg/runtime/#MemStats
2021/01/07 12:33:52 ***********************************

2021/01/07 12:33:52 HTML-TO-XSLX converter v.7

2021/01/07 12:33:53 Elapsed time (Render Handlebars): 0.073413 s

2021/01/07 12:33:53 Memory usage after rendering Handlebars.js template
2021/01/07 12:33:53 	Alloc = 33 MiB
2021/01/07 12:33:53 	HeapAlloc = 33 MiB
2021/01/07 12:33:53 	Sys = 47 MiB
2021/01/07 12:33:53 	For info on each, see: https://golang.org/pkg/runtime/#MemStats
2021/01/07 12:33:53 Elapsed time (gokogiri html parsing): 0.000000 s

2021/01/07 12:33:53 Html parsing: done. Starting xpath tables search
2021/01/07 12:33:53 Warning! No data-name in for table found. Used DataSheet 0 as sheet name
2021/01/07 12:33:53 Total elapsed time (main cycle): 0.003988 s

2021/01/07 12:33:53 Total rows done: 3 

2021/01/07 12:33:53 Total elapsed time: 0.079396 s

2021/01/07 12:33:53 Memory usage after all work done
2021/01/07 12:33:53 	Alloc = 1 MiB
2021/01/07 12:33:53 	HeapAlloc = 1 MiB
2021/01/07 12:33:53 	Sys = 51 MiB
2021/01/07 12:33:53 	For info on each, see: https://golang.org/pkg/runtime/#MemStats
2021/01/07 12:45:22 ***********************************

2021/01/07 12:45:22 HTML-TO-XSLX converter v.7

2021/01/07 12:45:22 File is empty? asd
2021/01/07 12:45:22 Error while parsing template asd 
2021/01/07 12:50:11 ***********************************

2021/01/07 12:50:11 HTML-TO-XSLX converter v.7

2021/01/07 12:50:11 Elapsed time (Render Handlebars): 0.107821 s

2021/01/07 12:50:11 Memory usage after rendering Handlebars.js template
2021/01/07 12:50:11 	Alloc = 39 MiB
2021/01/07 12:50:11 	HeapAlloc = 39 MiB
2021/01/07 12:50:11 	Sys = 56 MiB
2021/01/07 12:50:11 	For info on each, see: https://golang.org/pkg/runtime/#MemStats
2021/01/07 12:50:11 Elapsed time (gokogiri html parsing): 0.000000 s

2021/01/07 12:50:11 Html parsing: done. Starting xpath tables search
2021/01/07 12:50:11 Total elapsed time (main cycle): 0.022939 s

2021/01/07 12:50:11 Total rows done: 3 

2021/01/07 12:50:11 Total elapsed time: 0.135745 s

2021/01/07 12:50:11 Memory usage after all work done
2021/01/07 12:50:11 	Alloc = 1 MiB
2021/01/07 12:50:11 	HeapAlloc = 1 MiB
2021/01/07 12:50:11 	Sys = 56 MiB
2021/01/07 12:50:11 	For info on each, see: https://golang.org/pkg/runtime/#MemStats
2021/01/07 12:51:23 ***********************************

2021/01/07 12:51:23 HTML-TO-XSLX converter v.7

2021/01/07 12:51:26 Elapsed time (Render Handlebars): 2.502835 s

2021/01/07 12:51:26 Memory usage after rendering Handlebars.js template
2021/01/07 12:51:26 	Alloc = 69 MiB
2021/01/07 12:51:26 	HeapAlloc = 69 MiB
2021/01/07 12:51:26 	Sys = 111 MiB
2021/01/07 12:51:26 	For info on each, see: https://golang.org/pkg/runtime/#MemStats
2021/01/07 12:51:26 Elapsed time (gokogiri html parsing): 0.175551 s

2021/01/07 12:51:26 Html parsing: done. Starting xpath tables search
2021/01/07 12:51:41 Total elapsed time (main cycle): 15.649380 s

2021/01/07 12:51:41 Total rows done: 6539 

2021/01/07 12:51:42 Total elapsed time: 18.426509 s

2021/01/07 12:51:42 Memory usage after all work done
2021/01/07 12:51:42 	Alloc = 1 MiB
2021/01/07 12:51:42 	HeapAlloc = 1 MiB
2021/01/07 12:51:42 	Sys = 182 MiB
2021/01/07 12:51:42 	For info on each, see: https://golang.org/pkg/runtime/#MemStats
2021/01/18 14:05:55 ***********************************

2021/01/18 14:05:55 HTML-TO-XSLX converter v.7

2021/01/18 14:05:59 Elapsed time (Render Handlebars): 3.999579 s

2021/01/18 14:05:59 Memory usage after rendering Handlebars.js template
2021/01/18 14:05:59 	Alloc = 59 MiB
2021/01/18 14:05:59 	HeapAlloc = 59 MiB
2021/01/18 14:05:59 	Sys = 119 MiB
2021/01/18 14:05:59 	For info on each, see: https://golang.org/pkg/runtime/#MemStats
2021/01/18 14:05:59 Elapsed time (gokogiri html parsing): 0.542174 s

2021/01/18 14:05:59 Html parsing: done. Starting xpath tables search
2021/01/18 14:06:02 Total elapsed time (main cycle): 3.159656 s

2021/01/18 14:06:02 Total rows done: 6539 

2021/01/18 14:06:05 Total elapsed time: 9.890446 s

2021/01/18 14:06:05 Memory usage after all work done
2021/01/18 14:06:05 	Alloc = 5 MiB
2021/01/18 14:06:05 	HeapAlloc = 5 MiB
2021/01/18 14:06:05 	Sys = 120 MiB
2021/01/18 14:06:05 	For info on each, see: https://golang.org/pkg/runtime/#MemStats
2021/01/18 14:08:02 ***********************************

2021/01/18 14:08:02 HTML-TO-XSLX converter v.7

2021/01/18 14:08:06 Elapsed time (Render Handlebars): 3.883363 s

2021/01/18 14:08:06 Memory usage after rendering Handlebars.js template
2021/01/18 14:08:06 	Alloc = 69 MiB
2021/01/18 14:08:06 	HeapAlloc = 69 MiB
2021/01/18 14:08:06 	Sys = 124 MiB
2021/01/18 14:08:06 	For info on each, see: https://golang.org/pkg/runtime/#MemStats
2021/01/18 14:08:06 Elapsed time (gokogiri html parsing): 0.540911 s

2021/01/18 14:08:06 Html parsing: done. Starting xpath tables search
2021/01/18 14:10:55 ***********************************

2021/01/18 14:10:55 HTML-TO-XSLX converter v.7

2021/01/18 14:10:59 Elapsed time (Render Handlebars): 3.896062 s

2021/01/18 14:10:59 Memory usage after rendering Handlebars.js template
2021/01/18 14:10:59 	Alloc = 65 MiB
2021/01/18 14:10:59 	HeapAlloc = 65 MiB
2021/01/18 14:10:59 	Sys = 116 MiB
2021/01/18 14:10:59 	For info on each, see: https://golang.org/pkg/runtime/#MemStats
2021/01/18 14:11:00 Elapsed time (gokogiri html parsing): 0.534720 s

2021/01/18 14:11:00 Html parsing: done. Starting xpath tables search
2021/01/18 14:13:23 ***********************************

2021/01/18 14:13:23 HTML-TO-XSLX converter v.7

2021/01/18 14:13:27 Elapsed time (Render Handlebars): 3.712985 s

2021/01/18 14:13:27 Memory usage after rendering Handlebars.js template
2021/01/18 14:13:27 	Alloc = 81 MiB
2021/01/18 14:13:27 	HeapAlloc = 81 MiB
2021/01/18 14:13:27 	Sys = 136 MiB
2021/01/18 14:13:27 	For info on each, see: https://golang.org/pkg/runtime/#MemStats
2021/01/18 14:13:27 Elapsed time (gokogiri html parsing): 0.534192 s

2021/01/18 14:13:27 Html parsing: done. Starting xpath tables search
2021/01/18 14:13:44 ***********************************

2021/01/18 14:13:44 HTML-TO-XSLX converter v.7

2021/01/18 14:13:48 Elapsed time (Render Handlebars): 3.713855 s

2021/01/18 14:13:48 Memory usage after rendering Handlebars.js template
2021/01/18 14:13:48 	Alloc = 81 MiB
2021/01/18 14:13:48 	HeapAlloc = 81 MiB
2021/01/18 14:13:48 	Sys = 141 MiB
2021/01/18 14:13:48 	For info on each, see: https://golang.org/pkg/runtime/#MemStats
2021/01/18 14:13:49 Elapsed time (gokogiri html parsing): 0.535989 s

2021/01/18 14:13:49 Html parsing: done. Starting xpath tables search
2021/01/18 14:14:56 ***********************************

2021/01/18 14:14:56 HTML-TO-XSLX converter v.7

2021/01/18 14:15:00 Elapsed time (Render Handlebars): 3.762240 s

2021/01/18 14:15:00 Memory usage after rendering Handlebars.js template
2021/01/18 14:15:00 	Alloc = 81 MiB
2021/01/18 14:15:00 	HeapAlloc = 81 MiB
2021/01/18 14:15:00 	Sys = 140 MiB
2021/01/18 14:15:00 	For info on each, see: https://golang.org/pkg/runtime/#MemStats
2021/01/18 14:15:00 Elapsed time (gokogiri html parsing): 0.542726 s

2021/01/18 14:15:00 Html parsing: done. Starting xpath tables search
2021/01/18 14:18:48 ***********************************

2021/01/18 14:18:48 HTML-TO-XSLX converter v.7

2021/01/18 14:18:52 Elapsed time (Render Handlebars): 3.556478 s

2021/01/18 14:18:52 Memory usage after rendering Handlebars.js template
2021/01/18 14:18:52 	Alloc = 58 MiB
2021/01/18 14:18:52 	HeapAlloc = 58 MiB
2021/01/18 14:18:52 	Sys = 136 MiB
2021/01/18 14:18:52 	For info on each, see: https://golang.org/pkg/runtime/#MemStats
2021/01/18 14:18:52 Elapsed time (gokogiri html parsing): 0.536145 s

2021/01/18 14:18:52 Html parsing: done. Starting xpath tables search
2021/01/18 14:21:17 ***********************************

2021/01/18 14:21:17 HTML-TO-XSLX converter v.7

2021/01/18 14:21:21 Elapsed time (Render Handlebars): 3.840638 s

2021/01/18 14:21:21 Memory usage after rendering Handlebars.js template
2021/01/18 14:21:21 	Alloc = 64 MiB
2021/01/18 14:21:21 	HeapAlloc = 64 MiB
2021/01/18 14:21:21 	Sys = 124 MiB
2021/01/18 14:21:21 	For info on each, see: https://golang.org/pkg/runtime/#MemStats
2021/01/18 14:21:22 Elapsed time (gokogiri html parsing): 0.532576 s

2021/01/18 14:21:22 Html parsing: done. Starting xpath tables search
2021/01/18 14:22:24 ***********************************

2021/01/18 14:22:24 HTML-TO-XSLX converter v.7

2021/01/18 14:22:27 Elapsed time (Render Handlebars): 3.664721 s

2021/01/18 14:22:27 Memory usage after rendering Handlebars.js template
2021/01/18 14:22:27 	Alloc = 75 MiB
2021/01/18 14:22:27 	HeapAlloc = 75 MiB
2021/01/18 14:22:27 	Sys = 145 MiB
2021/01/18 14:22:27 	For info on each, see: https://golang.org/pkg/runtime/#MemStats
2021/01/18 14:22:28 Elapsed time (gokogiri html parsing): 0.533189 s

2021/01/18 14:22:28 Html parsing: done. Starting xpath tables search
2021/01/18 14:24:52 ***********************************

2021/01/18 14:24:52 HTML-TO-XSLX converter v.7

2021/01/18 14:24:56 Elapsed time (Render Handlebars): 3.940587 s

2021/01/18 14:24:56 Memory usage after rendering Handlebars.js template
2021/01/18 14:24:56 	Alloc = 58 MiB
2021/01/18 14:24:56 	HeapAlloc = 58 MiB
2021/01/18 14:24:56 	Sys = 120 MiB
2021/01/18 14:24:56 	For info on each, see: https://golang.org/pkg/runtime/#MemStats
2021/01/18 14:24:57 Elapsed time (gokogiri html parsing): 0.532575 s

2021/01/18 14:24:57 Html parsing: done. Starting xpath tables search
2021/01/18 14:27:08 ***********************************

2021/01/18 14:27:08 HTML-TO-XSLX converter v.7

2021/01/18 14:27:12 Elapsed time (Render Handlebars): 3.875205 s

2021/01/18 14:27:12 Memory usage after rendering Handlebars.js template
2021/01/18 14:27:12 	Alloc = 81 MiB
2021/01/18 14:27:12 	HeapAlloc = 81 MiB
2021/01/18 14:27:12 	Sys = 137 MiB
2021/01/18 14:27:12 	For info on each, see: https://golang.org/pkg/runtime/#MemStats
2021/01/18 14:27:12 Elapsed time (gokogiri html parsing): 0.531495 s

2021/01/18 14:27:12 Html parsing: done. Starting xpath tables search
2021/01/18 14:28:20 ***********************************

2021/01/18 14:28:20 HTML-TO-XSLX converter v.7

2021/01/18 14:28:24 Elapsed time (Render Handlebars): 3.734536 s

2021/01/18 14:28:24 Memory usage after rendering Handlebars.js template
2021/01/18 14:28:24 	Alloc = 58 MiB
2021/01/18 14:28:24 	HeapAlloc = 58 MiB
2021/01/18 14:28:24 	Sys = 132 MiB
2021/01/18 14:28:24 	For info on each, see: https://golang.org/pkg/runtime/#MemStats
2021/01/18 14:28:24 Elapsed time (gokogiri html parsing): 0.531852 s

2021/01/18 14:28:24 Html parsing: done. Starting xpath tables search
2021/01/18 14:29:19 ***********************************

2021/01/18 14:29:19 HTML-TO-XSLX converter v.7

2021/01/18 14:29:23 Elapsed time (Render Handlebars): 3.925634 s

2021/01/18 14:29:23 Memory usage after rendering Handlebars.js template
2021/01/18 14:29:23 	Alloc = 57 MiB
2021/01/18 14:29:23 	HeapAlloc = 57 MiB
2021/01/18 14:29:23 	Sys = 124 MiB
2021/01/18 14:29:23 	For info on each, see: https://golang.org/pkg/runtime/#MemStats
2021/01/18 14:29:23 Elapsed time (gokogiri html parsing): 0.540115 s

2021/01/18 14:29:23 Html parsing: done. Starting xpath tables search
2021/01/18 14:31:16 ***********************************

2021/01/18 14:31:16 HTML-TO-XSLX converter v.7

2021/01/18 14:31:16 Elapsed time (Render Handlebars): 0.008976 s

2021/01/18 14:31:16 Memory usage after rendering Handlebars.js template
2021/01/18 14:31:16 	Alloc = 1 MiB
2021/01/18 14:31:16 	HeapAlloc = 1 MiB
2021/01/18 14:31:16 	Sys = 6 MiB
2021/01/18 14:31:16 	For info on each, see: https://golang.org/pkg/runtime/#MemStats
2021/01/18 14:31:16 Elapsed time (gokogiri html parsing): 0.000997 s

2021/01/18 14:31:16 Html parsing: done. Starting xpath tables search
2021/01/18 14:31:16 Total elapsed time (main cycle): 0.047317 s

2021/01/18 14:31:16 Total rows done: 19 

2021/01/18 14:31:16 Total elapsed time: 0.064271 s

2021/01/18 14:31:16 Memory usage after all work done
2021/01/18 14:31:16 	Alloc = 1 MiB
2021/01/18 14:31:16 	HeapAlloc = 1 MiB
2021/01/18 14:31:16 	Sys = 12 MiB
2021/01/18 14:31:16 	For info on each, see: https://golang.org/pkg/runtime/#MemStats
2021/01/18 14:53:31 ***********************************

2021/01/18 14:53:31 HTML-TO-XSLX converter v.7

2021/01/18 14:53:31 Elapsed time (Render Handlebars): 0.043882 s

2021/01/18 14:53:31 Memory usage after rendering Handlebars.js template
2021/01/18 14:53:31 	Alloc = 1 MiB
2021/01/18 14:53:31 	HeapAlloc = 1 MiB
2021/01/18 14:53:31 	Sys = 8 MiB
2021/01/18 14:53:31 	For info on each, see: https://golang.org/pkg/runtime/#MemStats
2021/01/18 14:53:31 Elapsed time (gokogiri html parsing): 0.001994 s

2021/01/18 14:53:31 Html parsing: done. Starting xpath tables search
2021/01/18 14:54:44 ***********************************

2021/01/18 14:54:44 HTML-TO-XSLX converter v.7

2021/01/18 14:54:44 Elapsed time (Render Handlebars): 0.043021 s

2021/01/18 14:54:44 Memory usage after rendering Handlebars.js template
2021/01/18 14:54:44 	Alloc = 1 MiB
2021/01/18 14:54:44 	HeapAlloc = 1 MiB
2021/01/18 14:54:44 	Sys = 8 MiB
2021/01/18 14:54:44 	For info on each, see: https://golang.org/pkg/runtime/#MemStats
2021/01/18 14:54:44 Elapsed time (gokogiri html parsing): 0.002327 s

2021/01/18 14:54:44 Html parsing: done. Starting xpath tables search
2021/01/18 14:55:00 Total elapsed time (main cycle): 15.614095 s

2021/01/18 14:55:00 Total rows done: 19 

2021/01/18 14:55:00 Total elapsed time: 15.667421 s

2021/01/18 14:55:00 Memory usage after all work done
2021/01/18 14:55:00 	Alloc = 0 MiB
2021/01/18 14:55:00 	HeapAlloc = 0 MiB
2021/01/18 14:55:00 	Sys = 13 MiB
2021/01/18 14:55:00 	For info on each, see: https://golang.org/pkg/runtime/#MemStats
2021/01/18 14:56:29 ***********************************

2021/01/18 14:56:29 HTML-TO-XSLX converter v.7

2021/01/18 14:56:29 Elapsed time (Render Handlebars): 0.003983 s

2021/01/18 14:56:29 Memory usage after rendering Handlebars.js template
2021/01/18 14:56:29 	Alloc = 1 MiB
2021/01/18 14:56:29 	HeapAlloc = 1 MiB
2021/01/18 14:56:29 	Sys = 8 MiB
2021/01/18 14:56:29 	For info on each, see: https://golang.org/pkg/runtime/#MemStats
2021/01/18 14:56:29 Elapsed time (gokogiri html parsing): 0.001029 s

2021/01/18 14:56:29 Html parsing: done. Starting xpath tables search
2021/01/18 14:56:29 Total elapsed time (main cycle): 0.004985 s

2021/01/18 14:56:29 Total rows done: 19 

2021/01/18 14:56:29 Total elapsed time: 0.015954 s

2021/01/18 14:56:29 Memory usage after all work done
2021/01/18 14:56:29 	Alloc = 0 MiB
2021/01/18 14:56:29 	HeapAlloc = 0 MiB
2021/01/18 14:56:29 	Sys = 13 MiB
2021/01/18 14:56:29 	For info on each, see: https://golang.org/pkg/runtime/#MemStats
2021/01/18 14:59:36 ***********************************

2021/01/18 14:59:36 HTML-TO-XSLX converter v.7

2021/01/18 14:59:36 Elapsed time (Render Handlebars): 0.003991 s

2021/01/18 14:59:36 Memory usage after rendering Handlebars.js template
2021/01/18 14:59:36 	Alloc = 1 MiB
2021/01/18 14:59:36 	HeapAlloc = 1 MiB
2021/01/18 14:59:36 	Sys = 6 MiB
2021/01/18 14:59:36 	For info on each, see: https://golang.org/pkg/runtime/#MemStats
2021/01/18 14:59:36 Elapsed time (gokogiri html parsing): 0.000000 s

2021/01/18 14:59:36 Html parsing: done. Starting xpath tables search
2021/01/18 14:59:37 Total elapsed time (main cycle): 0.005522 s

2021/01/18 14:59:37 Total rows done: 19 

2021/01/18 14:59:37 Total elapsed time: 0.014499 s

2021/01/18 14:59:37 Memory usage after all work done
2021/01/18 14:59:37 	Alloc = 0 MiB
2021/01/18 14:59:37 	HeapAlloc = 0 MiB
2021/01/18 14:59:37 	Sys = 12 MiB
2021/01/18 14:59:37 	For info on each, see: https://golang.org/pkg/runtime/#MemStats
2021/01/18 15:00:30 ***********************************

2021/01/18 15:00:30 HTML-TO-XSLX converter v.7

2021/01/18 15:00:30 Elapsed time (Render Handlebars): 0.003989 s

2021/01/18 15:00:30 Memory usage after rendering Handlebars.js template
2021/01/18 15:00:30 	Alloc = 1 MiB
2021/01/18 15:00:30 	HeapAlloc = 1 MiB
2021/01/18 15:00:30 	Sys = 8 MiB
2021/01/18 15:00:30 	For info on each, see: https://golang.org/pkg/runtime/#MemStats
2021/01/18 15:00:30 Elapsed time (gokogiri html parsing): 0.000997 s

2021/01/18 15:00:30 Html parsing: done. Starting xpath tables search
2021/01/18 15:00:30 Total elapsed time (main cycle): 0.004988 s

2021/01/18 15:00:30 Total rows done: 19 

2021/01/18 15:00:30 Total elapsed time: 0.015958 s

2021/01/18 15:00:30 Memory usage after all work done
2021/01/18 15:00:30 	Alloc = 0 MiB
2021/01/18 15:00:30 	HeapAlloc = 0 MiB
2021/01/18 15:00:30 	Sys = 13 MiB
2021/01/18 15:00:30 	For info on each, see: https://golang.org/pkg/runtime/#MemStats
2021/01/18 15:05:17 ***********************************

2021/01/18 15:05:18 HTML-TO-XSLX converter v.7

2021/01/18 15:05:18 Elapsed time (Render Handlebars): 0.043497 s

2021/01/18 15:05:18 Memory usage after rendering Handlebars.js template
2021/01/18 15:05:18 	Alloc = 1 MiB
2021/01/18 15:05:18 	HeapAlloc = 1 MiB
2021/01/18 15:05:18 	Sys = 8 MiB
2021/01/18 15:05:18 	For info on each, see: https://golang.org/pkg/runtime/#MemStats
2021/01/18 15:05:18 Elapsed time (gokogiri html parsing): 0.001995 s

2021/01/18 15:05:18 Html parsing: done. Starting xpath tables search
2021/01/18 15:07:16 ***********************************

2021/01/18 15:07:16 HTML-TO-XSLX converter v.7

2021/01/18 15:07:16 Elapsed time (Render Handlebars): 0.043935 s

2021/01/18 15:07:16 Memory usage after rendering Handlebars.js template
2021/01/18 15:07:16 	Alloc = 1 MiB
2021/01/18 15:07:16 	HeapAlloc = 1 MiB
2021/01/18 15:07:16 	Sys = 8 MiB
2021/01/18 15:07:16 	For info on each, see: https://golang.org/pkg/runtime/#MemStats
2021/01/18 15:07:16 Elapsed time (gokogiri html parsing): 0.001995 s

2021/01/18 15:07:16 Html parsing: done. Starting xpath tables search
2021/01/18 15:14:09 ***********************************

2021/01/18 15:14:09 HTML-TO-XSLX converter v.7

2021/01/18 15:14:09 Elapsed time (Render Handlebars): 0.003990 s

2021/01/18 15:14:09 Memory usage after rendering Handlebars.js template
2021/01/18 15:14:09 	Alloc = 1 MiB
2021/01/18 15:14:09 	HeapAlloc = 1 MiB
2021/01/18 15:14:09 	Sys = 6 MiB
2021/01/18 15:14:09 	For info on each, see: https://golang.org/pkg/runtime/#MemStats
2021/01/18 15:14:09 Elapsed time (gokogiri html parsing): 0.000998 s

2021/01/18 15:14:09 Html parsing: done. Starting xpath tables search
2021/01/18 15:14:09 Total elapsed time (main cycle): 0.034947 s

2021/01/18 15:14:09 Total rows done: 19 

2021/01/18 15:14:09 Total elapsed time: 0.045922 s

2021/01/18 15:14:09 Memory usage after all work done
2021/01/18 15:14:09 	Alloc = 1 MiB
2021/01/18 15:14:09 	HeapAlloc = 1 MiB
2021/01/18 15:14:09 	Sys = 13 MiB
2021/01/18 15:14:09 	For info on each, see: https://golang.org/pkg/runtime/#MemStats
2021/01/18 15:41:14 ***********************************

2021/01/18 15:41:14 HTML-TO-XSLX converter v.7

2021/01/18 15:41:14 Elapsed time (Render Handlebars): 0.003944 s

2021/01/18 15:41:14 Memory usage after rendering Handlebars.js template
2021/01/18 15:41:14 	Alloc = 1 MiB
2021/01/18 15:41:14 	HeapAlloc = 1 MiB
2021/01/18 15:41:14 	Sys = 8 MiB
2021/01/18 15:41:14 	For info on each, see: https://golang.org/pkg/runtime/#MemStats
2021/01/18 15:41:14 Elapsed time (gokogiri html parsing): 0.000762 s

2021/01/18 15:41:14 Html parsing: done. Starting xpath tables search
2021/01/18 15:41:14 Total elapsed time (main cycle): 0.004983 s

2021/01/18 15:41:14 Total rows done: 19 

2021/01/18 15:41:14 Total elapsed time: 0.014187 s

2021/01/18 15:41:14 Memory usage after all work done
2021/01/18 15:41:14 	Alloc = 0 MiB
2021/01/18 15:41:14 	HeapAlloc = 0 MiB
2021/01/18 15:41:14 	Sys = 13 MiB
2021/01/18 15:41:14 	For info on each, see: https://golang.org/pkg/runtime/#MemStats
2021/01/18 15:41:53 ***********************************

2021/01/18 15:41:53 HTML-TO-XSLX converter v.7

2021/01/18 15:41:53 Elapsed time (Render Handlebars): 0.003952 s

2021/01/18 15:41:53 Memory usage after rendering Handlebars.js template
2021/01/18 15:41:53 	Alloc = 1 MiB
2021/01/18 15:41:53 	HeapAlloc = 1 MiB
2021/01/18 15:41:53 	Sys = 8 MiB
2021/01/18 15:41:53 	For info on each, see: https://golang.org/pkg/runtime/#MemStats
2021/01/18 15:41:53 Elapsed time (gokogiri html parsing): 0.000998 s

2021/01/18 15:41:53 Html parsing: done. Starting xpath tables search
2021/01/18 15:41:53 Total elapsed time (main cycle): 0.003989 s

2021/01/18 15:41:53 Total rows done: 19 

2021/01/18 15:41:53 Total elapsed time: 0.013924 s

2021/01/18 15:41:53 Memory usage after all work done
2021/01/18 15:41:53 	Alloc = 0 MiB
2021/01/18 15:41:53 	HeapAlloc = 0 MiB
2021/01/18 15:41:53 	Sys = 13 MiB
2021/01/18 15:41:53 	For info on each, see: https://golang.org/pkg/runtime/#MemStats
2021/01/18 15:42:42 ***********************************

2021/01/18 15:42:42 HTML-TO-XSLX converter v.7

2021/01/18 15:42:42 Elapsed time (Render Handlebars): 0.005982 s

2021/01/18 15:42:42 Memory usage after rendering Handlebars.js template
2021/01/18 15:42:42 	Alloc = 1 MiB
2021/01/18 15:42:42 	HeapAlloc = 1 MiB
2021/01/18 15:42:42 	Sys = 8 MiB
2021/01/18 15:42:42 	For info on each, see: https://golang.org/pkg/runtime/#MemStats
2021/01/18 15:42:42 Elapsed time (gokogiri html parsing): 0.000000 s

2021/01/18 15:42:42 Html parsing: done. Starting xpath tables search
2021/01/18 15:42:42 Total elapsed time (main cycle): 0.006983 s

2021/01/18 15:42:42 Total rows done: 19 

2021/01/18 15:42:42 Total elapsed time: 0.020944 s

2021/01/18 15:42:42 Memory usage after all work done
2021/01/18 15:42:42 	Alloc = 0 MiB
2021/01/18 15:42:42 	HeapAlloc = 0 MiB
2021/01/18 15:42:42 	Sys = 13 MiB
2021/01/18 15:42:42 	For info on each, see: https://golang.org/pkg/runtime/#MemStats
2021/01/18 15:44:14 ***********************************

2021/01/18 15:44:14 HTML-TO-XSLX converter v.7

2021/01/18 15:44:14 Elapsed time (Render Handlebars): 0.043885 s

2021/01/18 15:44:14 Memory usage after rendering Handlebars.js template
2021/01/18 15:44:14 	Alloc = 1 MiB
2021/01/18 15:44:14 	HeapAlloc = 1 MiB
2021/01/18 15:44:14 	Sys = 8 MiB
2021/01/18 15:44:14 	For info on each, see: https://golang.org/pkg/runtime/#MemStats
2021/01/18 15:44:14 Elapsed time (gokogiri html parsing): 0.000997 s

2021/01/18 15:44:14 Html parsing: done. Starting xpath tables search
2021/01/18 15:47:00 ***********************************

2021/01/18 15:47:00 HTML-TO-XSLX converter v.7

2021/01/18 15:47:00 Elapsed time (Render Handlebars): 0.003990 s

2021/01/18 15:47:00 Memory usage after rendering Handlebars.js template
2021/01/18 15:47:00 	Alloc = 1 MiB
2021/01/18 15:47:00 	HeapAlloc = 1 MiB
2021/01/18 15:47:00 	Sys = 6 MiB
2021/01/18 15:47:00 	For info on each, see: https://golang.org/pkg/runtime/#MemStats
2021/01/18 15:47:00 Elapsed time (gokogiri html parsing): 0.000998 s

2021/01/18 15:47:00 Html parsing: done. Starting xpath tables search
2021/01/18 15:47:00 Total elapsed time (main cycle): 0.003990 s

2021/01/18 15:47:00 Total rows done: 19 

2021/01/18 15:47:00 Total elapsed time: 0.014960 s

2021/01/18 15:47:00 Memory usage after all work done
2021/01/18 15:47:00 	Alloc = 0 MiB
2021/01/18 15:47:00 	HeapAlloc = 0 MiB
2021/01/18 15:47:00 	Sys = 13 MiB
2021/01/18 15:47:00 	For info on each, see: https://golang.org/pkg/runtime/#MemStats
2021/01/18 15:47:30 ***********************************

2021/01/18 15:47:30 HTML-TO-XSLX converter v.7

2021/01/18 15:47:30 Elapsed time (Render Handlebars): 0.003989 s

2021/01/18 15:47:30 Memory usage after rendering Handlebars.js template
2021/01/18 15:47:30 	Alloc = 1 MiB
2021/01/18 15:47:30 	HeapAlloc = 1 MiB
2021/01/18 15:47:30 	Sys = 8 MiB
2021/01/18 15:47:30 	For info on each, see: https://golang.org/pkg/runtime/#MemStats
2021/01/18 15:47:30 Elapsed time (gokogiri html parsing): 0.000996 s

2021/01/18 15:47:30 Html parsing: done. Starting xpath tables search
2021/01/18 15:47:30 Total elapsed time (main cycle): 0.010975 s

2021/01/18 15:47:30 Total rows done: 19 

2021/01/18 15:47:30 Total elapsed time: 0.021454 s

2021/01/18 15:47:30 Memory usage after all work done
2021/01/18 15:47:30 	Alloc = 1 MiB
2021/01/18 15:47:30 	HeapAlloc = 1 MiB
2021/01/18 15:47:30 	Sys = 13 MiB
2021/01/18 15:47:30 	For info on each, see: https://golang.org/pkg/runtime/#MemStats
2021/01/18 15:49:57 ***********************************

2021/01/18 15:49:57 HTML-TO-XSLX converter v.7

2021/01/18 15:49:57 Elapsed time (Render Handlebars): 0.003979 s

2021/01/18 15:49:57 Memory usage after rendering Handlebars.js template
2021/01/18 15:49:57 	Alloc = 1 MiB
2021/01/18 15:49:57 	HeapAlloc = 1 MiB
2021/01/18 15:49:57 	Sys = 8 MiB
2021/01/18 15:49:57 	For info on each, see: https://golang.org/pkg/runtime/#MemStats
2021/01/18 15:49:57 Elapsed time (gokogiri html parsing): 0.000997 s

2021/01/18 15:49:57 Html parsing: done. Starting xpath tables search
2021/01/18 15:49:57 Total elapsed time (main cycle): 0.010971 s

2021/01/18 15:49:57 Total rows done: 19 

2021/01/18 15:49:57 Total elapsed time: 0.021930 s

2021/01/18 15:49:57 Memory usage after all work done
2021/01/18 15:49:57 	Alloc = 1 MiB
2021/01/18 15:49:57 	HeapAlloc = 1 MiB
2021/01/18 15:49:57 	Sys = 13 MiB
2021/01/18 15:49:57 	For info on each, see: https://golang.org/pkg/runtime/#MemStats
